<?xml version="1.0" encoding="UTF-8"?>
<coverage generated="1540934962063" clover="3.2.0">
  <project timestamp="1540934962064" name="All files">
    <metrics statements="5" coveredstatements="5" conditionals="4" coveredconditionals="3" methods="3" coveredmethods="3" elements="12" coveredelements="11" complexity="0" loc="5" ncloc="5" packages="2" files="2" classes="2">
      <package name="js.src">
        <metrics statements="3" coveredstatements="3" conditionals="4" coveredconditionals="3" methods="2" coveredmethods="2"/>
        <file name="propsorting.js" path="C:\Users\Masha\Documents\Masha\IT\task-4\js\src\propsorting.js">
          <metrics statements="3" coveredstatements="3" conditionals="4" coveredconditionals="3" methods="2" coveredmethods="2"/>
          <line num="4" count="2" type="stmt"/>
          <line num="5" count="12" type="cond" truecount="3" falsecount="1"/>
          <line num="8" count="1" type="stmt"/>
        </file>
      </package>
      <package name="tests">
        <metrics statements="2" coveredstatements="2" conditionals="0" coveredconditionals="0" methods="1" coveredmethods="1"/>
        <file name="sum.js" path="C:\Users\Masha\Documents\Masha\IT\task-4\tests\sum.js">
          <metrics statements="2" coveredstatements="2" conditionals="0" coveredconditionals="0" methods="1" coveredmethods="1"/>
          <line num="2" count="1" type="stmt"/>
          <line num="4" count="1" type="stmt"/>
        </file>
      </package>
    </metrics>
  </project>
</coverage>
