{"C:\\Users\\Masha\\Documents\\Masha\\IT\\task-4\\js\\src\\propsorting.js": {"path":"C:\\Users\\Masha\\Documents\\Masha\\IT\\task-4\\js\\src\\propsorting.js","statementMap":{"0":{"start":{"line":4,"column":4},"end":{"line":6,"column":7}},"1":{"start":{"line":5,"column":8},"end":{"line":5,"column":66}},"2":{"start":{"line":8,"column":0},"end":{"line":8,"column":29}}},"fnMap":{"0":{"name":"propSorting","decl":{"start":{"line":3,"column":9},"end":{"line":3,"column":20}},"loc":{"start":{"line":3,"column":33},"end":{"line":7,"column":1}},"line":3},"1":{"name":"arrSort","decl":{"start":{"line":4,"column":22},"end":{"line":4,"column":29}},"loc":{"start":{"line":4,"column":36},"end":{"line":6,"column":5}},"line":4}},"branchMap":{"0":{"loc":{"start":{"line":5,"column":15},"end":{"line":5,"column":65}},"type":"cond-expr","locations":[{"start":{"line":5,"column":35},"end":{"line":5,"column":36}},{"start":{"line":5,"column":39},"end":{"line":5,"column":65}}],"line":5},"1":{"loc":{"start":{"line":5,"column":39},"end":{"line":5,"column":65}},"type":"cond-expr","locations":[{"start":{"line":5,"column":59},"end":{"line":5,"column":61}},{"start":{"line":5,"column":64},"end":{"line":5,"column":65}}],"line":5}},"s":{"0":2,"1":12,"2":1},"f":{"0":2,"1":12},"b":{"0":[7,5],"1":[5,0]},"_coverageSchema":"332fd63041d2c1bcb487cc26dd0d5f7d97098a6c","hash":"663a5bc647dd75ffb53d65c939735f2261e890e1"}
,"C:\\Users\\Masha\\Documents\\Masha\\IT\\task-4\\tests\\sum.js": {"path":"C:\\Users\\Masha\\Documents\\Masha\\IT\\task-4\\tests\\sum.js","statementMap":{"0":{"start":{"line":2,"column":2},"end":{"line":2,"column":15}},"1":{"start":{"line":4,"column":0},"end":{"line":4,"column":21}}},"fnMap":{"0":{"name":"sum","decl":{"start":{"line":1,"column":9},"end":{"line":1,"column":12}},"loc":{"start":{"line":1,"column":19},"end":{"line":3,"column":1}},"line":1}},"branchMap":{},"s":{"0":1,"1":1},"f":{"0":1},"b":{},"_coverageSchema":"332fd63041d2c1bcb487cc26dd0d5f7d97098a6c","hash":"4dc01f98bf811e15e3752a8f89e4c8bfd30a1cb4"}
}
